<?xml version="1.0" encoding="UTF-8"?>
<testng-results ignored="0" total="1" passed="1" failed="0" skipped="0">
  <reporter-output>
  </reporter-output>
  <suite started-at="2023-02-03T20:47:44 IST" name="Default suite" finished-at="2023-02-03T20:47:44 IST" duration-ms="101">
    <groups>
    </groups>
    <test started-at="2023-02-03T20:47:44 IST" name="Default test" finished-at="2023-02-03T20:47:44 IST" duration-ms="101">
      <class name="com.crm.test.TestClass5">
        <test-method signature="logTrial()[pri:0, instance:com.crm.test.TestClass5@3e8f7922]" started-at="2023-02-03T20:47:44 IST" name="logTrial" finished-at="2023-02-03T20:47:44 IST" duration-ms="27" status="PASS">
          <reporter-output>
          </reporter-output>
        </test-method> <!-- logTrial -->
      </class> <!-- com.crm.test.TestClass5 -->
    </test> <!-- Default test -->
  </suite> <!-- Default suite -->
</testng-results>
