<?xml version="1.0" encoding="UTF-8"?>
<testng-results ignored="0" total="1" passed="1" failed="0" skipped="0">
  <reporter-output>
  </reporter-output>
  <suite started-at="2023-02-03T01:20:16 IST" name="Default suite" finished-at="2023-02-03T01:20:40 IST" duration-ms="24188">
    <groups>
    </groups>
    <test started-at="2023-02-03T01:20:16 IST" name="Default test" finished-at="2023-02-03T01:20:40 IST" duration-ms="24188">
      <class name="com.crm.test.TestClass4">
        <test-method is-config="true" signature="setUpStart()[pri:0, instance:com.crm.test.TestClass4@76a36b71]" started-at="2023-02-03T01:20:16 IST" name="setUpStart" finished-at="2023-02-03T01:20:27 IST" duration-ms="11540" status="PASS">
          <reporter-output>
          </reporter-output>
        </test-method> <!-- setUpStart -->
        <test-method signature="appliedDropDownSelect()[pri:0, instance:com.crm.test.TestClass4@76a36b71]" started-at="2023-02-03T01:20:27 IST" name="appliedDropDownSelect" finished-at="2023-02-03T01:20:40 IST" duration-ms="12581" status="PASS">
          <reporter-output>
          </reporter-output>
        </test-method> <!-- appliedDropDownSelect -->
      </class> <!-- com.crm.test.TestClass4 -->
    </test> <!-- Default test -->
  </suite> <!-- Default suite -->
</testng-results>
